# JRE version: Java(TM) SE Runtime Environment (8.0_65-b17) (build 1.8.0_65-b17)
# Java VM: Java HotSpot(TM) 64-Bit Server VM (25.65-b01 mixed mode linux-amd64 compressed oops)
Heap:
 PSYoungGen      total 210944K, used 146267K [0x00000000eab00000, 0x00000000fc980000, 0x0000000100000000)
  eden space 179712K, 64% used [0x00000000eab00000,0x00000000f1bb2370,0x00000000f5a80000)
  from space 31232K, 98% used [0x00000000f6100000,0x00000000f7f24a58,0x00000000f7f80000)
  to   space 56832K, 0% used [0x00000000f9200000,0x00000000f9200000,0x00000000fc980000)
 ParOldGen       total 222208K, used 157975K [0x00000000c0000000, 0x00000000cd900000, 0x00000000eab00000)
  object space 222208K, 71% used [0x00000000c0000000,0x00000000c9a45f30,0x00000000cd900000)
 Metaspace       used 139550K, capacity 155038K, committed 155352K, reserved 1183744K
  class space    used 17850K, capacity 21956K, committed 22016K, reserved 1048576K
Heap after GC invocations=49 (full 6):
 PSYoungGen      total 246784K, used 38389K [0x00000000eab00000, 0x00000000fec80000, 0x0000000100000000)
  eden space 208384K, 0% used [0x00000000eab00000,0x00000000eab00000,0x00000000f7680000)
  from space 38400K, 99% used [0x00000000f7e80000,0x00000000fa3fd748,0x00000000fa400000)
  to   space 60416K, 0% used [0x00000000fb180000,0x00000000fb180000,0x00000000fec80000)
 ParOldGen       total 222208K, used 139554K [0x00000000c0000000, 0x00000000cd900000, 0x00000000eab00000)
  object space 222208K, 62% used [0x00000000c0000000,0x00000000c8848a78,0x00000000cd900000)
 Metaspace       used 139454K, capacity 154982K, committed 155096K, reserved 1181696K
  class space    used 17842K, capacity 21920K, committed 22016K, reserved 1048576K
Heap after GC invocations=50 (full 6):
 PSYoungGen      total 250368K, used 37197K [0x00000000eab00000, 0x00000000fe200000, 0x0000000100000000)
  eden space 200704K, 0% used [0x00000000eab00000,0x00000000eab00000,0x00000000f6f00000)
  from space 49664K, 74% used [0x00000000fb180000,0x00000000fd5d3448,0x00000000fe200000)
  to   space 58880K, 0% used [0x00000000f6f00000,0x00000000f6f00000,0x00000000fa880000)
 ParOldGen       total 222208K, used 139554K [0x00000000c0000000, 0x00000000cd900000, 0x00000000eab00000)
  object space 222208K, 62% used [0x00000000c0000000,0x00000000c8848a78,0x00000000cd900000)
 Metaspace       used 139462K, capacity 154982K, committed 155096K, reserved 1181696K
  class space    used 17842K, capacity 21920K, committed 22016K, reserved 1048576K
